TN:
SF:/Users/steven/tts/npm-example/fetchPosts.js
FN:3,fetchPosts
FN:4,(anonymous_1)
FNF:2
FNH:0
FNDA:0,fetchPosts
FNDA:0,(anonymous_1)
DA:1,0
DA:4,0
DA:5,0
DA:9,0
LF:4
LH:0
BRF:0
BRH:0
end_of_record
TN:
SF:/Users/steven/tts/npm-example/getTime.js
FN:3,getTime
FNF:1
FNH:0
FNDA:0,getTime
DA:1,0
DA:4,0
DA:7,0
LF:3
LH:0
BRF:0
BRH:0
end_of_record
TN:
SF:/Users/steven/tts/npm-example/hello.js
FN:8,(anonymous_0)
FNF:1
FNH:0
FNDA:0,(anonymous_0)
DA:1,0
DA:2,0
DA:3,0
DA:5,0
DA:7,0
DA:8,0
DA:9,0
DA:10,0
LF:8
LH:0
BRF:0
BRH:0
end_of_record
TN:
SF:/Users/steven/tts/npm-example/math.js
FN:1,add
FN:5,subtract
FNF:2
FNH:1
FNDA:1,add
FNDA:0,subtract
DA:2,1
DA:6,0
DA:9,1
LF:3
LH:2
BRF:0
BRH:0
end_of_record
